= "2019-03-27 13:29:30,403,403 ERROR    [token_attr.py:42] max() arg is an empty sequence"
= "2019-03-27 13:29:32,399,399 ERROR    [token_attr.py:42] max() arg is an empty sequence"
= "2019-03-27 13:29:34,366,366 ERROR    [token_attr.py:42] max() arg is an empty sequence"
= "2019-03-27 13:30:11,665,665 ERROR    [token_attr.py:42] max() arg is an empty sequence"
= "2019-03-27 13:30:13,609,609 ERROR    [token_attr.py:42] max() arg is an empty sequence"
= "2019-03-27 13:30:15,644,644 ERROR    [token_attr.py:42] max() arg is an empty sequence"
= "2019-03-27 13:32:12,606,606 ERROR    [token_attr.py:44] max() arg is an empty sequence"
= "2019-03-27 13:32:14,497,497 ERROR    [token_attr.py:44] max() arg is an empty sequence"
= "2019-03-27 13:32:16,404,404 ERROR    [token_attr.py:44] max() arg is an empty sequence"
= "2019-03-27 13:32:52,551,551 ERROR    [token_attr.py:44] max() arg is an empty sequence"
= "2019-03-27 13:32:54,464,464 ERROR    [token_attr.py:44] max() arg is an empty sequence"
= "2019-03-27 13:32:56,371,371 ERROR    [token_attr.py:44] max() arg is an empty sequence"
= "2019-03-27 13:33:38,474,474 ERROR    [token_attr.py:41] (<datafc.transform.operators.Replace object at 0x0000027C004B58D0>, 0.16588545925307463)"
= "2019-03-27 13:33:38,474,474 ERROR    [base.py:69] Replace 0.16588545925307463"
= "2019-03-27 13:33:48,133,133 ERROR    [token_attr.py:41] (<datafc.transform.operators.Constant object at 0x0000027C004B5898>, 0.16588545925307463)"
= "2019-03-27 13:33:48,133,133 ERROR    [base.py:69] Constant() 0.16588545925307463"
= "2019-03-27 13:33:57,768,768 ERROR    [token_attr.py:41] (<datafc.transform.operators.Constant object at 0x0000027C004B5AC8>, 0.16588545925307463)"
= "2019-03-27 13:33:57,769,769 ERROR    [base.py:69] Constant() 0.16588545925307463"
= "2019-03-27 13:34:07,364,364 ERROR    [token_attr.py:41] (<datafc.transform.operators.Constant object at 0x0000027C004AB5C0>, 0.16588545925307463)"
= "2019-03-27 13:34:07,364,364 ERROR    [base.py:69] Constant() 0.16588545925307463"
= "2019-03-27 13:34:17,027,27 ERROR    [token_attr.py:41] (<datafc.transform.operators.Constant object at 0x0000027C004A8128>, 0.16588545925307463)"
= "2019-03-27 13:34:17,027,27 ERROR    [base.py:69] Constant() 0.16588545925307463"
= "2019-03-27 13:34:26,627,627 ERROR    [token_attr.py:41] (<datafc.transform.operators.Constant object at 0x0000027C004B59E8>, 0.16588545925307463)"
= "2019-03-27 13:34:26,627,627 ERROR    [base.py:69] Constant() 0.16588545925307463"
= "2019-03-27 13:34:26,627,627 ERROR    [token_attr.py:44] max() arg is an empty sequence"
= "2019-03-27 13:34:26,627,627 ERROR    [base.py:69] None 0.0"
= "2019-03-27 13:34:28,564,564 ERROR    [token_attr.py:41] (<datafc.transform.operators.Replace object at 0x0000027C004ACEB8>, 0.0)"
= "2019-03-27 13:34:28,564,564 ERROR    [base.py:69] Replace 0.0"
= "2019-03-27 13:34:28,564,564 ERROR    [token_attr.py:44] max() arg is an empty sequence"
= "2019-03-27 13:34:28,564,564 ERROR    [base.py:69] None 0.0"
= "2019-03-27 13:34:30,567,567 ERROR    [token_attr.py:41] (<datafc.transform.operators.Replace object at 0x0000027C004B5D30>, 0.0)"
= "2019-03-27 13:34:30,567,567 ERROR    [base.py:69] Replace 0.0"
= "2019-03-27 13:34:30,568,568 ERROR    [token_attr.py:44] max() arg is an empty sequence"
= "2019-03-27 13:34:30,568,568 ERROR    [base.py:69] None 0.0"
= "2019-03-27 13:34:33,026,26 ERROR    [token_attr.py:41] (<datafc.transform.operators.Replace object at 0x0000027C004B5BE0>, 0.0)"
= "2019-03-27 13:34:33,026,26 ERROR    [base.py:69] Replace 0.0"
= "2019-03-27 13:34:35,434,434 ERROR    [token_attr.py:41] (<datafc.transform.operators.Constant object at 0x0000027C004B57F0>, 0.16714192875038864)"
= "2019-03-27 13:34:35,434,434 ERROR    [base.py:69] Constant(.) 0.16714192875038864"
= "2019-03-27 13:34:41,649,649 ERROR    [token_attr.py:41] (<datafc.transform.operators.Constant object at 0x0000027C004B59B0>, 0.16714192875038864)"
= "2019-03-27 13:34:41,649,649 ERROR    [base.py:69] Constant(.) 0.16714192875038864"
= "2019-03-27 13:34:49,360,360 ERROR    [token_attr.py:41] (<datafc.transform.operators.Constant object at 0x0000027C004D6EF0>, 0.16714192875038864)"
= "2019-03-27 13:34:49,360,360 ERROR    [base.py:69] Constant(.) 0.16714192875038864"
= "2019-03-27 13:34:55,156,156 ERROR    [token_attr.py:41] (<datafc.transform.operators.Constant object at 0x0000027C004BBDA0>, 0.16714192875038864)"
= "2019-03-27 13:34:55,156,156 ERROR    [base.py:69] Constant(.) 0.16714192875038864"
= "2019-03-27 13:35:02,943,943 ERROR    [token_attr.py:41] (<datafc.transform.operators.Constant object at 0x0000027C00519908>, 0.16714192875038864)"
= "2019-03-27 13:35:02,943,943 ERROR    [base.py:69] Constant(.) 0.16714192875038864"
= "2019-03-27 13:35:08,750,750 ERROR    [token_attr.py:41] (<datafc.transform.operators.Constant object at 0x0000027C004D6278>, 0.16714192875038864)"
= "2019-03-27 13:35:08,750,750 ERROR    [base.py:69] Constant(.) 0.16714192875038864"
= "2019-03-27 13:35:08,750,750 ERROR    [token_attr.py:44] max() arg is an empty sequence"
= "2019-03-27 13:35:08,751,751 ERROR    [base.py:69] None 0.0"
= "2019-03-27 13:35:10,687,687 ERROR    [token_attr.py:41] (<datafc.transform.operators.Replace object at 0x0000027C00519390>, 0.0)"
= "2019-03-27 13:35:10,687,687 ERROR    [base.py:69] Replace 0.0"
= "2019-03-27 13:35:10,687,687 ERROR    [token_attr.py:44] max() arg is an empty sequence"
= "2019-03-27 13:35:10,687,687 ERROR    [base.py:69] None 0.0"
= "2019-03-27 13:35:12,636,636 ERROR    [token_attr.py:41] (<datafc.transform.operators.Replace object at 0x0000027C004BB6D8>, 0.0)"
= "2019-03-27 13:35:12,636,636 ERROR    [base.py:69] Replace 0.0"
= "2019-03-27 13:35:12,637,637 ERROR    [token_attr.py:44] max() arg is an empty sequence"
= "2019-03-27 13:35:12,637,637 ERROR    [base.py:69] None 0.0"
= "2019-03-27 13:35:14,575,575 ERROR    [token_attr.py:41] (<datafc.transform.operators.Replace object at 0x0000027C004CA940>, 0.0)"
= "2019-03-27 13:35:14,576,576 ERROR    [base.py:69] Replace 0.0"
= "2019-03-27 13:35:16,503,503 ERROR    [token_attr.py:41] (<datafc.transform.operators.Constant object at 0x0000027C004D69B0>, 0.16714192875038864)"
= "2019-03-27 13:35:16,503,503 ERROR    [base.py:69] Constant(.) 0.16714192875038864"
= "2019-03-27 13:35:22,329,329 ERROR    [token_attr.py:41] (<datafc.transform.operators.Constant object at 0x0000027C00519898>, 0.16714192875038864)"
= "2019-03-27 13:35:22,329,329 ERROR    [base.py:69] Constant(.) 0.16714192875038864"
= "2019-03-27 13:35:30,180,180 ERROR    [token_attr.py:41] (<datafc.transform.operators.Constant object at 0x0000027C004CA5C0>, 0.16714192875038864)"
= "2019-03-27 13:35:30,181,181 ERROR    [base.py:69] Constant(.) 0.16714192875038864"
= "2019-03-27 13:35:36,287,287 ERROR    [token_attr.py:41] (<datafc.transform.operators.Constant object at 0x0000027C004D6E48>, 0.16714192875038864)"
= "2019-03-27 13:35:36,287,287 ERROR    [base.py:69] Constant(.) 0.16714192875038864"
= "2019-03-27 13:35:44,033,33 ERROR    [token_attr.py:41] (<datafc.transform.operators.Constant object at 0x0000027C004D6C18>, 0.16714192875038864)"
= "2019-03-27 13:35:44,033,33 ERROR    [base.py:69] Constant(.) 0.16714192875038864"
= "2019-03-27 13:35:49,947,947 ERROR    [token_attr.py:41] (<datafc.transform.operators.Constant object at 0x0000027C006DB0B8>, 0.16714192875038864)"
= "2019-03-27 13:35:49,947,947 ERROR    [base.py:69] Constant(.) 0.16714192875038864"
= "2019-03-27 13:35:49,948,948 ERROR    [token_attr.py:44] max() arg is an empty sequence"
= "2019-03-27 13:35:49,948,948 ERROR    [base.py:69] None 0.0"
= "2019-03-27 13:35:51,897,897 ERROR    [token_attr.py:41] (<datafc.transform.operators.Replace object at 0x0000027C00519128>, 0.0)"
= "2019-03-27 13:35:51,897,897 ERROR    [base.py:69] Replace 0.0"
= "2019-03-27 13:35:51,898,898 ERROR    [token_attr.py:44] max() arg is an empty sequence"
= "2019-03-27 13:35:51,898,898 ERROR    [base.py:69] None 0.0"
= "2019-03-27 13:36:06,028,28 ERROR    [token_attr.py:41] (<datafc.transform.operators.Replace object at 0x000002179E0968D0>, 0.16664391510118992)"
= "2019-03-27 13:36:06,029,29 ERROR    [base.py:69] Replace 0.16664391510118992"
= "2019-03-27 13:36:15,752,752 ERROR    [token_attr.py:41] (<datafc.transform.operators.Constant object at 0x000002179E0969B0>, 0.16664391510118992)"
= "2019-03-27 13:36:15,753,753 ERROR    [base.py:69] Constant() 0.16664391510118992"
= "2019-03-27 13:36:25,647,647 ERROR    [token_attr.py:41] (<datafc.transform.operators.Constant object at 0x000002179E0969E8>, 0.16664391510118992)"
= "2019-03-27 13:36:25,648,648 ERROR    [base.py:69] Constant() 0.16664391510118992"
= "2019-03-27 13:36:35,042,42 ERROR    [token_attr.py:41] (<datafc.transform.operators.Constant object at 0x000002179DE10E10>, 0.16664391510118992)"
= "2019-03-27 13:36:35,042,42 ERROR    [base.py:69] Constant() 0.16664391510118992"
= "2019-03-27 13:36:44,444,444 ERROR    [token_attr.py:41] (<datafc.transform.operators.Constant object at 0x000002179E0826D8>, 0.16664391510118992)"
= "2019-03-27 13:36:44,445,445 ERROR    [base.py:69] Constant() 0.16664391510118992"
= "2019-03-27 13:36:53,859,859 ERROR    [token_attr.py:41] (<datafc.transform.operators.Constant object at 0x000002179E090320>, 0.16664391510118992)"
= "2019-03-27 13:36:53,859,859 ERROR    [base.py:69] Constant() 0.16664391510118992"
= "2019-03-27 13:36:53,859,859 ERROR    [token_attr.py:44] max() arg is an empty sequence"
= "2019-03-27 13:36:53,859,859 ERROR    [base.py:69] None 0.0"
= "2019-03-27 13:36:55,753,753 ERROR    [token_attr.py:41] (<datafc.transform.operators.Replace object at 0x000002179E096D30>, 0.0)"
= "2019-03-27 13:36:55,753,753 ERROR    [base.py:69] Replace 0.0"
= "2019-03-27 13:36:55,754,754 ERROR    [token_attr.py:44] max() arg is an empty sequence"
= "2019-03-27 13:36:55,754,754 ERROR    [base.py:69] None 0.0"
= "2019-03-27 13:36:57,657,657 ERROR    [token_attr.py:41] (<datafc.transform.operators.Replace object at 0x000002179E08E2B0>, 0.0)"
= "2019-03-27 13:36:57,658,658 ERROR    [base.py:69] Replace 0.0"
= "2019-03-27 13:36:57,658,658 ERROR    [token_attr.py:44] max() arg is an empty sequence"
= "2019-03-27 13:36:57,658,658 ERROR    [base.py:69] None 0.0"
= "2019-03-27 13:36:59,553,553 ERROR    [token_attr.py:41] (<datafc.transform.operators.Replace object at 0x000002179E096898>, 0.0)"
= "2019-03-27 13:36:59,553,553 ERROR    [base.py:69] Replace 0.0"
= "2019-03-27 13:37:01,466,466 ERROR    [token_attr.py:41] (<datafc.transform.operators.Constant object at 0x000002179E0967F0>, 0.16781949270281266)"
= "2019-03-27 13:37:01,466,466 ERROR    [base.py:69] Constant(.) 0.16781949270281266"
= "2019-03-27 13:37:07,091,91 ERROR    [token_attr.py:41] (<datafc.transform.operators.Constant object at 0x000002179E096AC8>, 0.16781949270281266)"
= "2019-03-27 13:37:07,091,91 ERROR    [base.py:69] Constant(.) 0.16781949270281266"
= "2019-03-27 13:37:14,663,663 ERROR    [token_attr.py:41] (<datafc.transform.operators.Constant object at 0x000002179E0B67B8>, 0.16781949270281266)"
= "2019-03-27 13:37:14,663,663 ERROR    [base.py:69] Constant(.) 0.16781949270281266"
= "2019-03-27 13:37:20,295,295 ERROR    [token_attr.py:41] (<datafc.transform.operators.Constant object at 0x000002179E08DF28>, 0.16781949270281266)"
= "2019-03-27 13:37:20,296,296 ERROR    [base.py:69] Constant(.) 0.16781949270281266"
= "2019-03-27 13:37:27,883,883 ERROR    [token_attr.py:41] (<datafc.transform.operators.Constant object at 0x000002179E09C7B8>, 0.16781949270281266)"
= "2019-03-27 13:37:27,883,883 ERROR    [base.py:69] Constant(.) 0.16781949270281266"
= "2019-03-27 13:37:33,518,518 ERROR    [token_attr.py:41] (<datafc.transform.operators.Constant object at 0x000002179E0B64A8>, 0.16781949270281266)"
= "2019-03-27 13:37:33,518,518 ERROR    [base.py:69] Constant(.) 0.16781949270281266"
= "2019-03-27 13:37:33,518,518 ERROR    [token_attr.py:44] max() arg is an empty sequence"
= "2019-03-27 13:37:33,518,518 ERROR    [base.py:69] None 0.0"
= "2019-03-27 13:37:35,435,435 ERROR    [token_attr.py:41] (<datafc.transform.operators.Replace object at 0x000002179E0F9438>, 0.0)"
= "2019-03-27 13:37:35,435,435 ERROR    [base.py:69] Replace 0.0"
= "2019-03-27 13:37:35,435,435 ERROR    [token_attr.py:44] max() arg is an empty sequence"
= "2019-03-27 13:37:35,435,435 ERROR    [base.py:69] None 0.0"
= "2019-03-27 13:37:37,333,333 ERROR    [token_attr.py:41] (<datafc.transform.operators.Replace object at 0x000002179E0F9CC0>, 0.0)"
= "2019-03-27 13:37:37,333,333 ERROR    [base.py:69] Replace 0.0"
= "2019-03-27 13:37:37,334,334 ERROR    [token_attr.py:44] max() arg is an empty sequence"
= "2019-03-27 13:37:37,334,334 ERROR    [base.py:69] None 0.0"
= "2019-03-27 13:37:39,282,282 ERROR    [token_attr.py:41] (<datafc.transform.operators.Replace object at 0x000002179E0A9FD0>, 0.0)"
= "2019-03-27 13:37:39,283,283 ERROR    [base.py:69] Replace 0.0"
= "2019-03-27 13:37:41,171,171 ERROR    [token_attr.py:41] (<datafc.transform.operators.Constant object at 0x000002179E0B6EF0>, 0.16781949270281266)"
= "2019-03-27 13:37:41,171,171 ERROR    [base.py:69] Constant(.) 0.16781949270281266"
= "2019-03-27 13:37:46,879,879 ERROR    [token_attr.py:41] (<datafc.transform.operators.Constant object at 0x000002179E0F95F8>, 0.16781949270281266)"
= "2019-03-27 13:37:46,879,879 ERROR    [base.py:69] Constant(.) 0.16781949270281266"
= "2019-03-27 13:37:54,494,494 ERROR    [token_attr.py:41] (<datafc.transform.operators.Constant object at 0x000002179E0A9320>, 0.16781949270281266)"
= "2019-03-27 13:37:54,494,494 ERROR    [base.py:69] Constant(.) 0.16781949270281266"
= "2019-03-27 13:38:00,196,196 ERROR    [token_attr.py:41] (<datafc.transform.operators.Constant object at 0x000002179E09C6D8>, 0.16781949270281266)"
= "2019-03-27 13:38:00,196,196 ERROR    [base.py:69] Constant(.) 0.16781949270281266"
= "2019-03-27 13:38:07,753,753 ERROR    [token_attr.py:41] (<datafc.transform.operators.Constant object at 0x000002179E09CE10>, 0.16781949270281266)"
= "2019-03-27 13:38:07,753,753 ERROR    [base.py:69] Constant(.) 0.16781949270281266"
= "2019-03-27 13:38:13,426,426 ERROR    [token_attr.py:41] (<datafc.transform.operators.Constant object at 0x000002179E2BD0B8>, 0.16781949270281266)"
= "2019-03-27 13:38:13,426,426 ERROR    [base.py:69] Constant(.) 0.16781949270281266"
= "2019-03-27 13:38:13,426,426 ERROR    [token_attr.py:44] max() arg is an empty sequence"
= "2019-03-27 13:38:13,426,426 ERROR    [base.py:69] None 0.0"
= "2019-03-27 13:38:15,322,322 ERROR    [token_attr.py:41] (<datafc.transform.operators.Replace object at 0x000002179E0A9978>, 0.0)"
= "2019-03-27 13:38:15,322,322 ERROR    [base.py:69] Replace 0.0"
= "2019-03-27 13:38:15,322,322 ERROR    [token_attr.py:44] max() arg is an empty sequence"
= "2019-03-27 13:38:15,322,322 ERROR    [base.py:69] None 0.0"
= "2019-03-27 13:38:17,221,221 ERROR    [token_attr.py:41] (<datafc.transform.operators.Replace object at 0x000002179E146518>, 0.0)"
= "2019-03-27 13:38:17,221,221 ERROR    [base.py:69] Replace 0.0"
= "2019-03-27 13:38:17,222,222 ERROR    [token_attr.py:44] max() arg is an empty sequence"
= "2019-03-27 13:38:17,222,222 ERROR    [base.py:69] None 0.0"
= "2019-03-27 13:38:19,134,134 ERROR    [token_attr.py:41] (<datafc.transform.operators.Replace object at 0x000002179E09C9E8>, 0.0)"
= "2019-03-27 13:38:19,134,134 ERROR    [base.py:69] Replace 0.0"
= "2019-03-27 13:38:20,453,453 ERROR    [token_attr.py:41] (<datafc.transform.operators.Replace object at 0x000002179E0826D8>, 0.16664391510118956)"
= "2019-03-27 13:38:20,453,453 ERROR    [base.py:69] Replace 0.16664391510118956"
= "2019-03-27 13:38:20,453,453 ERROR    [token_attr.py:44] max() arg is an empty sequence"
= "2019-03-27 13:38:20,453,453 ERROR    [base.py:69] None 0.0"
= "2019-03-27 13:38:20,783,783 ERROR    [token_attr.py:41] (<datafc.transform.operators.Constant object at 0x000002179E090320>, 0.16781949270281293)"
= "2019-03-27 13:38:20,784,784 ERROR    [base.py:69] Constant(.) 0.16781949270281293"
= "2019-03-27 13:38:20,784,784 ERROR    [token_attr.py:44] max() arg is an empty sequence"
= "2019-03-27 13:38:20,784,784 ERROR    [base.py:69] None 0.0"
= "2019-03-27 13:38:21,114,114 ERROR    [token_attr.py:41] (<datafc.transform.operators.Constant object at 0x000002179E092F60>, 0.16781949270281293)"
= "2019-03-27 13:38:21,114,114 ERROR    [base.py:69] Constant(.) 0.16781949270281293"
= "2019-03-27 13:38:21,114,114 ERROR    [token_attr.py:44] max() arg is an empty sequence"
= "2019-03-27 13:38:21,115,115 ERROR    [base.py:69] None 0.0"
= "2019-03-27 13:38:28,666,666 ERROR    [token_attr.py:41] (<datafc.transform.operators.Replace object at 0x000002179DE10E10>, 0.16664391510118992)"
= "2019-03-27 13:38:28,667,667 ERROR    [base.py:69] Replace 0.16664391510118992"
= "2019-03-27 13:38:38,090,90 ERROR    [token_attr.py:41] (<datafc.transform.operators.Constant object at 0x000002179E146860>, 0.16664391510118992)"
= "2019-03-27 13:38:38,090,90 ERROR    [base.py:69] Constant() 0.16664391510118992"
= "2019-03-27 13:38:47,490,490 ERROR    [token_attr.py:41] (<datafc.transform.operators.Constant object at 0x000002179E09C780>, 0.16664391510118992)"
= "2019-03-27 13:38:47,490,490 ERROR    [base.py:69] Constant() 0.16664391510118992"
= "2019-03-27 13:38:56,918,918 ERROR    [token_attr.py:41] (<datafc.transform.operators.Constant object at 0x000002179E1468D0>, 0.16664391510118992)"
= "2019-03-27 13:38:56,918,918 ERROR    [base.py:69] Constant() 0.16664391510118992"
= "2019-03-27 13:39:06,348,348 ERROR    [token_attr.py:41] (<datafc.transform.operators.Constant object at 0x000002179E32F128>, 0.16664391510118992)"
= "2019-03-27 13:39:06,348,348 ERROR    [base.py:69] Constant() 0.16664391510118992"
= "2019-03-27 13:39:15,767,767 ERROR    [token_attr.py:41] (<datafc.transform.operators.Constant object at 0x000002179E146CC0>, 0.16664391510118992)"
= "2019-03-27 13:39:15,767,767 ERROR    [base.py:69] Constant() 0.16664391510118992"
= "2019-03-27 13:39:15,767,767 ERROR    [token_attr.py:44] max() arg is an empty sequence"
= "2019-03-27 13:39:15,767,767 ERROR    [base.py:69] None 0.0"
= "2019-03-27 13:39:17,672,672 ERROR    [token_attr.py:41] (<datafc.transform.operators.Replace object at 0x000002179E09C438>, 0.0)"
= "2019-03-27 13:39:17,672,672 ERROR    [base.py:69] Replace 0.0"
= "2019-03-27 13:39:17,673,673 ERROR    [token_attr.py:44] max() arg is an empty sequence"
= "2019-03-27 13:39:17,673,673 ERROR    [base.py:69] None 0.0"
= "2019-03-27 13:39:19,598,598 ERROR    [token_attr.py:41] (<datafc.transform.operators.Replace object at 0x000002179E0B6908>, 0.0)"
= "2019-03-27 13:39:19,598,598 ERROR    [base.py:69] Replace 0.0"
= "2019-03-27 13:39:19,598,598 ERROR    [token_attr.py:44] max() arg is an empty sequence"
= "2019-03-27 13:39:19,598,598 ERROR    [base.py:69] None 0.0"
= "2019-03-27 13:39:21,493,493 ERROR    [token_attr.py:41] (<datafc.transform.operators.Replace object at 0x000002179E0F9BE0>, 0.0)"
= "2019-03-27 13:39:21,493,493 ERROR    [base.py:69] Replace 0.0"
= "2019-03-27 13:39:23,393,393 ERROR    [token_attr.py:41] (<datafc.transform.operators.Constant object at 0x000002179E0964A8>, 0.16781949270281266)"
= "2019-03-27 13:39:23,393,393 ERROR    [base.py:69] Constant(.) 0.16781949270281266"
= "2019-03-27 13:39:29,071,71 ERROR    [token_attr.py:41] (<datafc.transform.operators.Constant object at 0x000002179E0B6EB8>, 0.16781949270281266)"
= "2019-03-27 13:39:29,072,72 ERROR    [base.py:69] Constant(.) 0.16781949270281266"
= "2019-03-27 13:39:36,706,706 ERROR    [token_attr.py:41] (<datafc.transform.operators.Constant object at 0x000002179E09CF28>, 0.16781949270281266)"
= "2019-03-27 13:39:36,706,706 ERROR    [base.py:69] Constant(.) 0.16781949270281266"
= "2019-03-27 13:39:42,358,358 ERROR    [token_attr.py:41] (<datafc.transform.operators.Constant object at 0x000002179E146710>, 0.16781949270281266)"
= "2019-03-27 13:39:42,359,359 ERROR    [base.py:69] Constant(.) 0.16781949270281266"
= "2019-03-27 13:39:49,963,963 ERROR    [token_attr.py:41] (<datafc.transform.operators.Constant object at 0x000002179E09C278>, 0.16781949270281266)"
= "2019-03-27 13:39:49,963,963 ERROR    [base.py:69] Constant(.) 0.16781949270281266"
= "2019-03-27 13:39:55,686,686 ERROR    [token_attr.py:41] (<datafc.transform.operators.Constant object at 0x000002179E1461D0>, 0.16781949270281266)"
= "2019-03-27 13:39:55,687,687 ERROR    [base.py:69] Constant(.) 0.16781949270281266"
= "2019-03-27 13:39:55,687,687 ERROR    [token_attr.py:44] max() arg is an empty sequence"
= "2019-03-27 13:39:55,687,687 ERROR    [base.py:69] None 0.0"
= "2019-03-27 13:39:57,620,620 ERROR    [token_attr.py:41] (<datafc.transform.operators.Replace object at 0x000002179E32FBA8>, 0.0)"
= "2019-03-27 13:39:57,620,620 ERROR    [base.py:69] Replace 0.0"
= "2019-03-27 13:39:57,620,620 ERROR    [token_attr.py:44] max() arg is an empty sequence"
= "2019-03-27 13:39:57,620,620 ERROR    [base.py:69] None 0.0"
= "2019-03-27 13:39:59,556,556 ERROR    [token_attr.py:41] (<datafc.transform.operators.Replace object at 0x000002179E32FF60>, 0.0)"
= "2019-03-27 13:39:59,556,556 ERROR    [base.py:69] Replace 0.0"
= "2019-03-27 13:39:59,556,556 ERROR    [token_attr.py:44] max() arg is an empty sequence"
= "2019-03-27 13:39:59,556,556 ERROR    [base.py:69] None 0.0"
= "2019-03-27 13:40:01,482,482 ERROR    [token_attr.py:41] (<datafc.transform.operators.Replace object at 0x000002179E0968D0>, 0.0)"
= "2019-03-27 13:40:01,483,483 ERROR    [base.py:69] Replace 0.0"
= "2019-03-27 13:40:03,358,358 ERROR    [token_attr.py:41] (<datafc.transform.operators.Constant object at 0x000002179E0B64A8>, 0.16781949270281266)"
= "2019-03-27 13:40:03,358,358 ERROR    [base.py:69] Constant(.) 0.16781949270281266"
= "2019-03-27 13:40:09,026,26 ERROR    [token_attr.py:41] (<datafc.transform.operators.Constant object at 0x000002179E09C940>, 0.16781949270281266)"
= "2019-03-27 13:40:09,026,26 ERROR    [base.py:69] Constant(.) 0.16781949270281266"
= "2019-03-27 13:40:16,597,597 ERROR    [token_attr.py:41] (<datafc.transform.operators.Constant object at 0x000002179E09C630>, 0.16781949270281266)"
= "2019-03-27 13:40:16,597,597 ERROR    [base.py:69] Constant(.) 0.16781949270281266"
= "2019-03-27 13:40:22,245,245 ERROR    [token_attr.py:41] (<datafc.transform.operators.Constant object at 0x000002179E146128>, 0.16781949270281266)"
= "2019-03-27 13:40:22,246,246 ERROR    [base.py:69] Constant(.) 0.16781949270281266"
= "2019-03-27 13:40:29,993,993 ERROR    [token_attr.py:41] (<datafc.transform.operators.Constant object at 0x000002179E32F1D0>, 0.16781949270281266)"
= "2019-03-27 13:40:29,993,993 ERROR    [base.py:69] Constant(.) 0.16781949270281266"
= "2019-03-27 13:40:35,692,692 ERROR    [token_attr.py:41] (<datafc.transform.operators.Constant object at 0x000002179E146EB8>, 0.16781949270281266)"
= "2019-03-27 13:40:35,692,692 ERROR    [base.py:69] Constant(.) 0.16781949270281266"
= "2019-03-27 13:40:35,692,692 ERROR    [token_attr.py:44] max() arg is an empty sequence"
= "2019-03-27 13:40:35,692,692 ERROR    [base.py:69] None 0.0"
= "2019-03-27 13:40:37,606,606 ERROR    [token_attr.py:41] (<datafc.transform.operators.Replace object at 0x000002179E0A9CC0>, 0.0)"
= "2019-03-27 13:40:37,606,606 ERROR    [base.py:69] Replace 0.0"
= "2019-03-27 13:40:37,606,606 ERROR    [token_attr.py:44] max() arg is an empty sequence"
= "2019-03-27 13:40:37,607,607 ERROR    [base.py:69] None 0.0"
= "2019-03-27 13:40:39,527,527 ERROR    [token_attr.py:41] (<datafc.transform.operators.Replace object at 0x000002179E0B6CF8>, 0.0)"
= "2019-03-27 13:40:39,527,527 ERROR    [base.py:69] Replace 0.0"
= "2019-03-27 13:40:39,527,527 ERROR    [token_attr.py:44] max() arg is an empty sequence"
= "2019-03-27 13:40:39,527,527 ERROR    [base.py:69] None 0.0"
= "2019-03-27 13:40:41,455,455 ERROR    [token_attr.py:41] (<datafc.transform.operators.Replace object at 0x000002179E0F9D30>, 0.0)"
= "2019-03-27 13:40:41,455,455 ERROR    [base.py:69] Replace 0.0"
= "2019-03-27 13:40:42,746,746 ERROR    [token_attr.py:41] (<datafc.transform.operators.Replace object at 0x000002179E08E2B0>, 0.16664391510118956)"
= "2019-03-27 13:40:42,746,746 ERROR    [base.py:69] Replace 0.16664391510118956"
= "2019-03-27 13:40:42,747,747 ERROR    [token_attr.py:44] max() arg is an empty sequence"
= "2019-03-27 13:40:42,747,747 ERROR    [base.py:69] None 0.0"
= "2019-03-27 13:40:43,070,70 ERROR    [token_attr.py:41] (<datafc.transform.operators.Constant object at 0x000002179E0A9EB8>, 0.16781949270281293)"
= "2019-03-27 13:40:43,071,71 ERROR    [base.py:69] Constant(.) 0.16781949270281293"
= "2019-03-27 13:40:43,071,71 ERROR    [token_attr.py:44] max() arg is an empty sequence"
= "2019-03-27 13:40:43,071,71 ERROR    [base.py:69] None 0.0"
= "2019-03-27 13:40:43,398,398 ERROR    [token_attr.py:41] (<datafc.transform.operators.Constant object at 0x000002179E0B6470>, 0.16781949270281293)"
= "2019-03-27 13:40:43,398,398 ERROR    [base.py:69] Constant(.) 0.16781949270281293"
= "2019-03-27 13:40:43,398,398 ERROR    [token_attr.py:44] max() arg is an empty sequence"
= "2019-03-27 13:40:43,398,398 ERROR    [base.py:69] None 0.0"
= "2019-03-27 13:40:51,044,44 ERROR    [token_attr.py:41] (<datafc.transform.operators.Replace object at 0x000002179E08DF28>, 0.16664391510118992)"
= "2019-03-27 13:40:51,044,44 ERROR    [base.py:69] Replace 0.16664391510118992"
= "2019-03-27 13:41:00,445,445 ERROR    [token_attr.py:41] (<datafc.transform.operators.Constant object at 0x000002179E0F9630>, 0.16664391510118992)"
= "2019-03-27 13:41:00,445,445 ERROR    [base.py:69] Constant() 0.16664391510118992"
= "2019-03-27 13:41:09,841,841 ERROR    [token_attr.py:41] (<datafc.transform.operators.Constant object at 0x000002179E32FC18>, 0.16664391510118992)"
= "2019-03-27 13:41:09,841,841 ERROR    [base.py:69] Constant() 0.16664391510118992"
= "2019-03-27 13:41:19,237,237 ERROR    [token_attr.py:41] (<datafc.transform.operators.Constant object at 0x000002179E0A9B70>, 0.16664391510118992)"
= "2019-03-27 13:41:19,238,238 ERROR    [base.py:69] Constant() 0.16664391510118992"
= "2019-03-27 13:41:28,703,703 ERROR    [token_attr.py:41] (<datafc.transform.operators.Constant object at 0x000002179E0969E8>, 0.16664391510118992)"
= "2019-03-27 13:41:28,703,703 ERROR    [base.py:69] Constant() 0.16664391510118992"
= "2019-03-27 13:41:38,060,60 ERROR    [token_attr.py:41] (<datafc.transform.operators.Constant object at 0x000002179E32F860>, 0.16664391510118992)"
= "2019-03-27 13:41:38,061,61 ERROR    [base.py:69] Constant() 0.16664391510118992"
= "2019-03-27 13:41:38,061,61 ERROR    [token_attr.py:44] max() arg is an empty sequence"
= "2019-03-27 13:41:38,061,61 ERROR    [base.py:69] None 0.0"
= "2019-03-27 13:41:39,953,953 ERROR    [token_attr.py:41] (<datafc.transform.operators.Replace object at 0x000002179E0962B0>, 0.0)"
= "2019-03-27 13:41:39,953,953 ERROR    [base.py:69] Replace 0.0"
= "2019-03-27 13:41:39,953,953 ERROR    [token_attr.py:44] max() arg is an empty sequence"
= "2019-03-27 13:41:39,953,953 ERROR    [base.py:69] None 0.0"
= "2019-03-27 13:41:41,845,845 ERROR    [token_attr.py:41] (<datafc.transform.operators.Replace object at 0x000002179E2F0B70>, 0.0)"
= "2019-03-27 13:41:41,845,845 ERROR    [base.py:69] Replace 0.0"
= "2019-03-27 13:41:41,846,846 ERROR    [token_attr.py:44] max() arg is an empty sequence"
= "2019-03-27 13:41:41,846,846 ERROR    [base.py:69] None 0.0"
= "2019-03-27 13:41:43,738,738 ERROR    [token_attr.py:41] (<datafc.transform.operators.Replace object at 0x000002179E0A92E8>, 0.0)"
= "2019-03-27 13:41:43,739,739 ERROR    [base.py:69] Replace 0.0"
= "2019-03-27 13:41:45,615,615 ERROR    [token_attr.py:41] (<datafc.transform.operators.Constant object at 0x000002179E2F0C50>, 0.16781949270281266)"
= "2019-03-27 13:41:45,615,615 ERROR    [base.py:69] Constant(.) 0.16781949270281266"
= "2019-03-27 13:41:51,267,267 ERROR    [token_attr.py:41] (<datafc.transform.operators.Constant object at 0x000002179E096AC8>, 0.16781949270281266)"
= "2019-03-27 13:41:51,267,267 ERROR    [base.py:69] Constant(.) 0.16781949270281266"
= "2019-03-27 13:41:58,812,812 ERROR    [token_attr.py:41] (<datafc.transform.operators.Constant object at 0x000002179E32FCC0>, 0.16781949270281266)"
= "2019-03-27 13:41:58,812,812 ERROR    [base.py:69] Constant(.) 0.16781949270281266"
= "2019-03-27 13:42:04,463,463 ERROR    [token_attr.py:41] (<datafc.transform.operators.Constant object at 0x000002179E0F9D30>, 0.16781949270281266)"
= "2019-03-27 13:42:04,463,463 ERROR    [base.py:69] Constant(.) 0.16781949270281266"
= "2019-03-27 13:42:12,005,5 ERROR    [token_attr.py:41] (<datafc.transform.operators.Constant object at 0x000002179E2F0A58>, 0.16781949270281266)"
= "2019-03-27 13:42:12,006,6 ERROR    [base.py:69] Constant(.) 0.16781949270281266"
= "2019-03-27 13:42:17,656,656 ERROR    [token_attr.py:41] (<datafc.transform.operators.Constant object at 0x000002179E096320>, 0.16781949270281266)"
= "2019-03-27 13:42:17,656,656 ERROR    [base.py:69] Constant(.) 0.16781949270281266"
= "2019-03-27 13:42:17,657,657 ERROR    [token_attr.py:44] max() arg is an empty sequence"
= "2019-03-27 13:42:17,657,657 ERROR    [base.py:69] None 0.0"
= "2019-03-27 13:42:19,566,566 ERROR    [token_attr.py:41] (<datafc.transform.operators.Replace object at 0x000002179E0F9BA8>, 0.0)"
= "2019-03-27 13:42:19,566,566 ERROR    [base.py:69] Replace 0.0"
= "2019-03-27 13:42:19,566,566 ERROR    [token_attr.py:44] max() arg is an empty sequence"
= "2019-03-27 13:42:19,566,566 ERROR    [base.py:69] None 0.0"
= "2019-03-27 13:42:21,449,449 ERROR    [token_attr.py:41] (<datafc.transform.operators.Replace object at 0x000002179E0F9F98>, 0.0)"
= "2019-03-27 13:42:21,449,449 ERROR    [base.py:69] Replace 0.0"
= "2019-03-27 13:42:21,449,449 ERROR    [token_attr.py:44] max() arg is an empty sequence"
= "2019-03-27 13:42:21,449,449 ERROR    [base.py:69] None 0.0"
= "2019-03-27 13:42:23,365,365 ERROR    [token_attr.py:41] (<datafc.transform.operators.Replace object at 0x000002179E0F9DD8>, 0.0)"
= "2019-03-27 13:42:23,365,365 ERROR    [base.py:69] Replace 0.0"
= "2019-03-27 13:42:25,255,255 ERROR    [token_attr.py:41] (<datafc.transform.operators.Constant object at 0x000002179E0969B0>, 0.16781949270281266)"
= "2019-03-27 13:42:25,256,256 ERROR    [base.py:69] Constant(.) 0.16781949270281266"
= "2019-03-27 13:42:30,935,935 ERROR    [token_attr.py:41] (<datafc.transform.operators.Constant object at 0x000002179E0964A8>, 0.16781949270281266)"
= "2019-03-27 13:42:30,935,935 ERROR    [base.py:69] Constant(.) 0.16781949270281266"
= "2019-03-27 13:42:38,470,470 ERROR    [token_attr.py:41] (<datafc.transform.operators.Constant object at 0x000002179E0B6898>, 0.16781949270281266)"
= "2019-03-27 13:42:38,470,470 ERROR    [base.py:69] Constant(.) 0.16781949270281266"
= "2019-03-27 13:42:44,379,379 ERROR    [token_attr.py:41] (<datafc.transform.operators.Constant object at 0x000002179E0B6048>, 0.16781949270281266)"
= "2019-03-27 13:42:44,379,379 ERROR    [base.py:69] Constant(.) 0.16781949270281266"
= "2019-03-27 13:42:51,921,921 ERROR    [token_attr.py:41] (<datafc.transform.operators.Constant object at 0x000002179E32F978>, 0.16781949270281266)"
= "2019-03-27 13:42:51,921,921 ERROR    [base.py:69] Constant(.) 0.16781949270281266"
= "2019-03-27 13:42:57,590,590 ERROR    [token_attr.py:41] (<datafc.transform.operators.Constant object at 0x000002179E0A98D0>, 0.16781949270281266)"
= "2019-03-27 13:42:57,591,591 ERROR    [base.py:69] Constant(.) 0.16781949270281266"
= "2019-03-27 13:42:57,591,591 ERROR    [token_attr.py:44] max() arg is an empty sequence"
= "2019-03-27 13:42:57,591,591 ERROR    [base.py:69] None 0.0"
= "2019-03-27 13:42:59,499,499 ERROR    [token_attr.py:41] (<datafc.transform.operators.Replace object at 0x000002179E32F358>, 0.0)"
= "2019-03-27 13:42:59,499,499 ERROR    [base.py:69] Replace 0.0"
= "2019-03-27 13:42:59,499,499 ERROR    [token_attr.py:44] max() arg is an empty sequence"
= "2019-03-27 13:42:59,499,499 ERROR    [base.py:69] None 0.0"
= "2019-03-27 13:43:01,403,403 ERROR    [token_attr.py:41] (<datafc.transform.operators.Replace object at 0x000002179E0B6780>, 0.0)"
= "2019-03-27 13:43:01,403,403 ERROR    [base.py:69] Replace 0.0"
= "2019-03-27 13:43:01,404,404 ERROR    [token_attr.py:44] max() arg is an empty sequence"
= "2019-03-27 13:43:01,404,404 ERROR    [base.py:69] None 0.0"
= "2019-03-27 13:43:03,302,302 ERROR    [token_attr.py:41] (<datafc.transform.operators.Replace object at 0x000002179E096630>, 0.0)"
= "2019-03-27 13:43:03,302,302 ERROR    [base.py:69] Replace 0.0"
= "2019-03-27 13:43:04,611,611 ERROR    [token_attr.py:41] (<datafc.transform.operators.Replace object at 0x000002179E0826D8>, 0.16664391510118956)"
= "2019-03-27 13:43:04,612,612 ERROR    [base.py:69] Replace 0.16664391510118956"
= "2019-03-27 13:43:04,612,612 ERROR    [token_attr.py:44] max() arg is an empty sequence"
= "2019-03-27 13:43:04,612,612 ERROR    [base.py:69] None 0.0"
= "2019-03-27 13:43:04,939,939 ERROR    [token_attr.py:41] (<datafc.transform.operators.Constant object at 0x000002179E0B66D8>, 0.16781949270281293)"
= "2019-03-27 13:43:04,939,939 ERROR    [base.py:69] Constant(.) 0.16781949270281293"
= "2019-03-27 13:43:04,939,939 ERROR    [token_attr.py:44] max() arg is an empty sequence"
= "2019-03-27 13:43:04,939,939 ERROR    [base.py:69] None 0.0"
= "2019-03-27 13:43:05,268,268 ERROR    [token_attr.py:41] (<datafc.transform.operators.Constant object at 0x000002179E2F0EB8>, 0.16781949270281293)"
= "2019-03-27 13:43:05,268,268 ERROR    [base.py:69] Constant(.) 0.16781949270281293"
= "2019-03-27 13:43:05,269,269 ERROR    [token_attr.py:44] max() arg is an empty sequence"
= "2019-03-27 13:43:05,269,269 ERROR    [base.py:69] None 0.0"
= "2019-03-27 13:43:12,799,799 ERROR    [token_attr.py:41] (<datafc.transform.operators.Replace object at 0x000002179E090320>, 0.16664391510118992)"
= "2019-03-27 13:43:12,799,799 ERROR    [base.py:69] Replace 0.16664391510118992"
= "2019-03-27 13:43:22,169,169 ERROR    [token_attr.py:41] (<datafc.transform.operators.Constant object at 0x000002179E096320>, 0.16664391510118992)"
= "2019-03-27 13:43:22,169,169 ERROR    [base.py:69] Constant() 0.16664391510118992"
= "2019-03-27 13:43:31,575,575 ERROR    [token_attr.py:41] (<datafc.transform.operators.Constant object at 0x000002179E0962B0>, 0.16664391510118992)"
= "2019-03-27 13:43:31,575,575 ERROR    [base.py:69] Constant() 0.16664391510118992"
= "2019-03-27 13:43:40,918,918 ERROR    [token_attr.py:41] (<datafc.transform.operators.Constant object at 0x000002179E096898>, 0.16664391510118992)"
= "2019-03-27 13:43:40,919,919 ERROR    [base.py:69] Constant() 0.16664391510118992"
= "2019-03-27 13:43:50,283,283 ERROR    [token_attr.py:41] (<datafc.transform.operators.Constant object at 0x000002179E0969E8>, 0.16664391510118992)"
= "2019-03-27 13:43:50,284,284 ERROR    [base.py:69] Constant() 0.16664391510118992"
= "2019-03-27 13:43:59,764,764 ERROR    [token_attr.py:41] (<datafc.transform.operators.Constant object at 0x000002179E096630>, 0.16664391510118992)"
= "2019-03-27 13:43:59,764,764 ERROR    [base.py:69] Constant() 0.16664391510118992"
= "2019-03-27 13:43:59,764,764 ERROR    [token_attr.py:44] max() arg is an empty sequence"
= "2019-03-27 13:43:59,764,764 ERROR    [base.py:69] None 0.0"
= "2019-03-27 13:44:01,690,690 ERROR    [token_attr.py:41] (<datafc.transform.operators.Replace object at 0x000002179E0968D0>, 0.0)"
= "2019-03-27 13:44:01,691,691 ERROR    [base.py:69] Replace 0.0"
= "2019-03-27 13:44:01,691,691 ERROR    [token_attr.py:44] max() arg is an empty sequence"
= "2019-03-27 13:44:01,691,691 ERROR    [base.py:69] None 0.0"
= "2019-03-27 13:44:03,590,590 ERROR    [token_attr.py:41] (<datafc.transform.operators.Replace object at 0x000002179E0967F0>, 0.0)"
= "2019-03-27 13:44:03,590,590 ERROR    [base.py:69] Replace 0.0"
= "2019-03-27 13:44:03,591,591 ERROR    [token_attr.py:44] max() arg is an empty sequence"
= "2019-03-27 13:44:03,591,591 ERROR    [base.py:69] None 0.0"
= "2019-03-27 13:44:05,491,491 ERROR    [token_attr.py:41] (<datafc.transform.operators.Replace object at 0x000002179E0969B0>, 0.0)"
= "2019-03-27 13:44:05,491,491 ERROR    [base.py:69] Replace 0.0"
= "2019-03-27 13:44:07,396,396 ERROR    [token_attr.py:41] (<datafc.transform.operators.Constant object at 0x000002179E096AC8>, 0.16781949270281266)"
= "2019-03-27 13:44:07,396,396 ERROR    [base.py:69] Constant(.) 0.16781949270281266"
= "2019-03-27 13:44:13,063,63 ERROR    [token_attr.py:41] (<datafc.transform.operators.Constant object at 0x000002179E096D30>, 0.16781949270281266)"
= "2019-03-27 13:44:13,063,63 ERROR    [base.py:69] Constant(.) 0.16781949270281266"
= "2019-03-27 13:44:20,585,585 ERROR    [token_attr.py:41] (<datafc.transform.operators.Constant object at 0x000002179E32F710>, 0.16781949270281266)"
= "2019-03-27 13:44:20,585,585 ERROR    [base.py:69] Constant(.) 0.16781949270281266"
= "2019-03-27 13:44:26,253,253 ERROR    [token_attr.py:41] (<datafc.transform.operators.Constant object at 0x000002179E0F9400>, 0.16781949270281266)"
= "2019-03-27 13:44:26,253,253 ERROR    [base.py:69] Constant(.) 0.16781949270281266"
= "2019-03-27 13:44:33,813,813 ERROR    [token_attr.py:41] (<datafc.transform.operators.Constant object at 0x000002179E09C978>, 0.16781949270281266)"
= "2019-03-27 13:44:33,813,813 ERROR    [base.py:69] Constant(.) 0.16781949270281266"
= "2019-03-27 13:44:39,493,493 ERROR    [token_attr.py:41] (<datafc.transform.operators.Constant object at 0x000002179E0F9A90>, 0.16781949270281266)"
= "2019-03-27 13:44:39,493,493 ERROR    [base.py:69] Constant(.) 0.16781949270281266"
= "2019-03-27 13:44:39,493,493 ERROR    [token_attr.py:44] max() arg is an empty sequence"
= "2019-03-27 13:44:39,493,493 ERROR    [base.py:69] None 0.0"
= "2019-03-27 13:44:41,434,434 ERROR    [token_attr.py:41] (<datafc.transform.operators.Replace object at 0x000002179E0B66D8>, 0.0)"
= "2019-03-27 13:44:41,434,434 ERROR    [base.py:69] Replace 0.0"
= "2019-03-27 13:44:41,434,434 ERROR    [token_attr.py:44] max() arg is an empty sequence"
= "2019-03-27 13:44:41,434,434 ERROR    [base.py:69] None 0.0"
= "2019-03-27 13:44:43,376,376 ERROR    [token_attr.py:41] (<datafc.transform.operators.Replace object at 0x000002179E0A9EB8>, 0.0)"
= "2019-03-27 13:44:43,376,376 ERROR    [base.py:69] Replace 0.0"
= "2019-03-27 13:44:43,377,377 ERROR    [token_attr.py:44] max() arg is an empty sequence"
= "2019-03-27 13:44:43,377,377 ERROR    [base.py:69] None 0.0"
= "2019-03-27 13:44:45,270,270 ERROR    [token_attr.py:41] (<datafc.transform.operators.Replace object at 0x000002179E0F9588>, 0.0)"
= "2019-03-27 13:44:45,270,270 ERROR    [base.py:69] Replace 0.0"
= "2019-03-27 13:44:47,170,170 ERROR    [token_attr.py:41] (<datafc.transform.operators.Constant object at 0x000002179E32F5C0>, 0.16781949270281266)"
= "2019-03-27 13:44:47,170,170 ERROR    [base.py:69] Constant(.) 0.16781949270281266"
= "2019-03-27 13:44:52,924,924 ERROR    [token_attr.py:41] (<datafc.transform.operators.Constant object at 0x000002179E0B66A0>, 0.16781949270281266)"
= "2019-03-27 13:44:52,924,924 ERROR    [base.py:69] Constant(.) 0.16781949270281266"
= "2019-03-27 13:45:00,542,542 ERROR    [token_attr.py:41] (<datafc.transform.operators.Constant object at 0x000002179E2F0A90>, 0.16781949270281266)"
= "2019-03-27 13:45:00,543,543 ERROR    [base.py:69] Constant(.) 0.16781949270281266"
= "2019-03-27 13:45:06,210,210 ERROR    [token_attr.py:41] (<datafc.transform.operators.Constant object at 0x000002179E0B62E8>, 0.16781949270281266)"
= "2019-03-27 13:45:06,210,210 ERROR    [base.py:69] Constant(.) 0.16781949270281266"
= "2019-03-27 13:45:13,714,714 ERROR    [token_attr.py:41] (<datafc.transform.operators.Constant object at 0x000002179E32FF28>, 0.16781949270281266)"
= "2019-03-27 13:45:13,714,714 ERROR    [base.py:69] Constant(.) 0.16781949270281266"
= "2019-03-27 13:45:19,363,363 ERROR    [token_attr.py:41] (<datafc.transform.operators.Constant object at 0x000002179E09CF98>, 0.16781949270281266)"
= "2019-03-27 13:45:19,363,363 ERROR    [base.py:69] Constant(.) 0.16781949270281266"
= "2019-03-27 13:45:19,363,363 ERROR    [token_attr.py:44] max() arg is an empty sequence"
= "2019-03-27 13:45:19,363,363 ERROR    [base.py:69] None 0.0"
= "2019-03-27 13:45:21,271,271 ERROR    [token_attr.py:41] (<datafc.transform.operators.Replace object at 0x000002179E2F09B0>, 0.0)"
= "2019-03-27 13:45:21,271,271 ERROR    [base.py:69] Replace 0.0"
= "2019-03-27 13:45:21,271,271 ERROR    [token_attr.py:44] max() arg is an empty sequence"
= "2019-03-27 13:45:21,271,271 ERROR    [base.py:69] None 0.0"
= "2019-03-27 13:45:23,191,191 ERROR    [token_attr.py:41] (<datafc.transform.operators.Replace object at 0x000002179E0B6FD0>, 0.0)"
= "2019-03-27 13:45:23,191,191 ERROR    [base.py:69] Replace 0.0"
= "2019-03-27 13:45:23,191,191 ERROR    [token_attr.py:44] max() arg is an empty sequence"
= "2019-03-27 13:45:23,191,191 ERROR    [base.py:69] None 0.0"
= "2019-03-27 13:45:25,098,98 ERROR    [token_attr.py:41] (<datafc.transform.operators.Replace object at 0x000002179E32F6D8>, 0.0)"
= "2019-03-27 13:45:25,098,98 ERROR    [base.py:69] Replace 0.0"
= "2019-03-27 13:45:26,448,448 ERROR    [token_attr.py:41] (<datafc.transform.operators.Replace object at 0x000002179E0969B0>, 0.16664391510118956)"
= "2019-03-27 13:45:26,448,448 ERROR    [base.py:69] Replace 0.16664391510118956"
= "2019-03-27 13:45:26,448,448 ERROR    [token_attr.py:44] max() arg is an empty sequence"
= "2019-03-27 13:45:26,448,448 ERROR    [base.py:69] None 0.0"
= "2019-03-27 13:45:26,777,777 ERROR    [token_attr.py:41] (<datafc.transform.operators.Constant object at 0x000002179E096630>, 0.16781949270281293)"
= "2019-03-27 13:45:26,777,777 ERROR    [base.py:69] Constant(.) 0.16781949270281293"
= "2019-03-27 13:45:26,778,778 ERROR    [token_attr.py:44] max() arg is an empty sequence"
= "2019-03-27 13:45:26,778,778 ERROR    [base.py:69] None 0.0"
= "2019-03-27 13:45:27,105,105 ERROR    [token_attr.py:41] (<datafc.transform.operators.Constant object at 0x000002179E0967F0>, 0.16781949270281293)"
= "2019-03-27 13:45:27,105,105 ERROR    [base.py:69] Constant(.) 0.16781949270281293"
= "2019-03-27 13:45:27,105,105 ERROR    [token_attr.py:44] max() arg is an empty sequence"
= "2019-03-27 13:45:27,105,105 ERROR    [base.py:69] None 0.0"
